<?xml version="1.0" encoding="UTF-8"?>
<testng-results ignored="0" total="1" passed="1" failed="0" skipped="0">
  <reporter-output>
  </reporter-output>
  <suite started-at="2024-07-14T01:52:48 IST" name="Suite" finished-at="2024-07-14T01:53:47 IST" duration-ms="58671">
    <groups>
    </groups>
    <test started-at="2024-07-14T01:52:48 IST" name="Test" finished-at="2024-07-14T01:53:47 IST" duration-ms="58671">
      <class name="cicdtestingqaautomation.BrowserOpen">
        <test-method signature="openbro()[pri:0, instance:cicdtestingqaautomation.BrowserOpen@5c90e579]" started-at="2024-07-14T01:52:48 IST" name="openbro" finished-at="2024-07-14T01:53:47 IST" duration-ms="58651" status="PASS">
          <reporter-output>
          </reporter-output>
        </test-method> <!-- openbro -->
      </class> <!-- cicdtestingqaautomation.BrowserOpen -->
    </test> <!-- Test -->
  </suite> <!-- Suite -->
</testng-results>
