<?xml version="1.0" encoding="UTF-8"?>
<testng-results ignored="0" total="1" passed="1" failed="0" skipped="0">
  <reporter-output>
  </reporter-output>
  <suite started-at="2024-07-09T13:04:23 IST" name="Default suite" finished-at="2024-07-09T13:04:41 IST" duration-ms="17934">
    <groups>
    </groups>
    <test started-at="2024-07-09T13:04:23 IST" name="Default test" finished-at="2024-07-09T13:04:41 IST" duration-ms="17934">
      <class name="cicdtestingqaautomation.BrowserOpen">
        <test-method signature="openbro()[pri:0, instance:cicdtestingqaautomation.BrowserOpen@2ef3eef9]" started-at="2024-07-09T13:04:23 IST" name="openbro" finished-at="2024-07-09T13:04:41 IST" duration-ms="17915" status="PASS">
          <reporter-output>
          </reporter-output>
        </test-method> <!-- openbro -->
      </class> <!-- cicdtestingqaautomation.BrowserOpen -->
    </test> <!-- Default test -->
  </suite> <!-- Default suite -->
</testng-results>
